[05-Aug-2016 04:02:51 UTC] PHP Parse error:  syntax error, unexpected '$row' (T_VARIABLE), expecting ',' or ';' in /home/ubuntu/workspace/MySQL/api.php on line 13
[05-Aug-2016 04:03:46 UTC] PHP Warning:  mysqli_num_rows() expects parameter 1 to be mysqli_result, boolean given in /home/ubuntu/workspace/MySQL/api.php on line 10
[05-Aug-2016 04:03:46 UTC] PHP Stack trace:
[05-Aug-2016 04:03:46 UTC] PHP   1. {main}() /home/ubuntu/workspace/MySQL/api.php:0
[05-Aug-2016 04:03:46 UTC] PHP   2. mysqli_num_rows() /home/ubuntu/workspace/MySQL/api.php:10
[05-Aug-2016 05:45:30 UTC] PHP Parse error:  syntax error, unexpected '' (T_ENCAPSED_AND_WHITESPACE), expecting identifier (T_STRING) or variable (T_VARIABLE) or number (T_NUM_STRING) in /home/ubuntu/workspace/MySQL/api.php on line 43
[05-Aug-2016 05:46:43 UTC] PHP Parse error:  syntax error, unexpected '' (T_ENCAPSED_AND_WHITESPACE), expecting identifier (T_STRING) or variable (T_VARIABLE) or number (T_NUM_STRING) in /home/ubuntu/workspace/MySQL/api.php on line 44
[05-Aug-2016 07:04:20 UTC] PHP Parse error:  syntax error, unexpected 'while' (T_WHILE) in /home/ubuntu/workspace/MySQL/get.php on line 23
[05-Aug-2016 07:05:05 UTC] PHP Warning:  mysqli_num_rows() expects parameter 1 to be mysqli_result, null given in /home/ubuntu/workspace/MySQL/get.php on line 20
[05-Aug-2016 07:05:05 UTC] PHP Stack trace:
[05-Aug-2016 07:05:05 UTC] PHP   1. {main}() /home/ubuntu/workspace/MySQL/get.php:0
[05-Aug-2016 07:05:05 UTC] PHP   2. mysqli_num_rows() /home/ubuntu/workspace/MySQL/get.php:20
[05-Aug-2016 07:22:59 UTC] PHP Warning:  mysqli_num_rows() expects parameter 1 to be mysqli_result, null given in /home/ubuntu/workspace/MySQL/get.php on line 43
[05-Aug-2016 07:22:59 UTC] PHP Stack trace:
[05-Aug-2016 07:22:59 UTC] PHP   1. {main}() /home/ubuntu/workspace/MySQL/get.php:0
[05-Aug-2016 07:22:59 UTC] PHP   2. mysqli_num_rows() /home/ubuntu/workspace/MySQL/get.php:43
[05-Aug-2016 07:53:21 UTC] PHP Parse error:  syntax error, unexpected '$query' (T_VARIABLE) in /home/ubuntu/workspace/MySQL/delete.php on line 16
[05-Aug-2016 07:53:25 UTC] PHP Parse error:  syntax error, unexpected '$query' (T_VARIABLE) in /home/ubuntu/workspace/MySQL/delete.php on line 16
[05-Aug-2016 07:53:39 UTC] PHP Parse error:  syntax error, unexpected '$query' (T_VARIABLE) in /home/ubuntu/workspace/MySQL/delete.php on line 16
[05-Aug-2016 07:54:10 UTC] PHP Parse error:  syntax error, unexpected '$q' (T_VARIABLE) in /home/ubuntu/workspace/MySQL/delete.php on line 16
[05-Aug-2016 08:02:52 UTC] PHP Warning:  mysqli_query() expects parameter 1 to be mysqli, null given in /home/ubuntu/workspace/MySQL/delete.php on line 22
[05-Aug-2016 08:02:52 UTC] PHP Stack trace:
[05-Aug-2016 08:02:52 UTC] PHP   1. {main}() /home/ubuntu/workspace/MySQL/delete.php:0
[05-Aug-2016 08:02:52 UTC] PHP   2. delete() /home/ubuntu/workspace/MySQL/delete.php:26
[05-Aug-2016 08:02:52 UTC] PHP   3. mysqli_query() /home/ubuntu/workspace/MySQL/delete.php:22
[05-Aug-2016 08:03:29 UTC] PHP Warning:  mysqli_query() expects parameter 1 to be mysqli, null given in /home/ubuntu/workspace/MySQL/delete.php on line 22
[05-Aug-2016 08:03:29 UTC] PHP Stack trace:
[05-Aug-2016 08:03:29 UTC] PHP   1. {main}() /home/ubuntu/workspace/MySQL/delete.php:0
[05-Aug-2016 08:03:29 UTC] PHP   2. delete() /home/ubuntu/workspace/MySQL/delete.php:26
[05-Aug-2016 08:03:29 UTC] PHP   3. mysqli_query() /home/ubuntu/workspace/MySQL/delete.php:22
[05-Aug-2016 08:04:53 UTC] PHP Warning:  mysqli_query() expects parameter 1 to be mysqli, null given in /home/ubuntu/workspace/MySQL/delete.php on line 22
[05-Aug-2016 08:04:53 UTC] PHP Stack trace:
[05-Aug-2016 08:04:53 UTC] PHP   1. {main}() /home/ubuntu/workspace/MySQL/delete.php:0
[05-Aug-2016 08:04:53 UTC] PHP   2. delete() /home/ubuntu/workspace/MySQL/delete.php:26
[05-Aug-2016 08:04:53 UTC] PHP   3. mysqli_query() /home/ubuntu/workspace/MySQL/delete.php:22
[05-Aug-2016 08:05:42 UTC] PHP Warning:  mysqli_query() expects parameter 1 to be mysqli, null given in /home/ubuntu/workspace/MySQL/delete.php on line 22
[05-Aug-2016 08:05:42 UTC] PHP Stack trace:
[05-Aug-2016 08:05:42 UTC] PHP   1. {main}() /home/ubuntu/workspace/MySQL/delete.php:0
[05-Aug-2016 08:05:42 UTC] PHP   2. delete() /home/ubuntu/workspace/MySQL/delete.php:26
[05-Aug-2016 08:05:42 UTC] PHP   3. mysqli_query() /home/ubuntu/workspace/MySQL/delete.php:22
[05-Aug-2016 08:06:53 UTC] PHP Warning:  mysqli_query() expects parameter 1 to be mysqli, null given in /home/ubuntu/workspace/MySQL/delete.php on line 22
[05-Aug-2016 08:06:53 UTC] PHP Stack trace:
[05-Aug-2016 08:06:53 UTC] PHP   1. {main}() /home/ubuntu/workspace/MySQL/delete.php:0
[05-Aug-2016 08:06:53 UTC] PHP   2. delete() /home/ubuntu/workspace/MySQL/delete.php:26
[05-Aug-2016 08:06:53 UTC] PHP   3. mysqli_query() /home/ubuntu/workspace/MySQL/delete.php:22
[05-Aug-2016 08:19:04 UTC] PHP Catchable fatal error:  Object of class mysqli_result could not be converted to string in /home/ubuntu/workspace/MySQL/delete.php on line 23
[05-Aug-2016 08:19:04 UTC] PHP Stack trace:
[05-Aug-2016 08:19:04 UTC] PHP   1. {main}() /home/ubuntu/workspace/MySQL/delete.php:0
[05-Aug-2016 08:20:17 UTC] PHP Catchable fatal error:  Object of class mysqli_result could not be converted to string in /home/ubuntu/workspace/MySQL/delete.php on line 23
[05-Aug-2016 08:20:17 UTC] PHP Stack trace:
[05-Aug-2016 08:20:17 UTC] PHP   1. {main}() /home/ubuntu/workspace/MySQL/delete.php:0
[05-Aug-2016 08:39:39 UTC] PHP Warning:  mysqli_query() expects parameter 1 to be mysqli, null given in /home/ubuntu/workspace/MySQL/delete.php on line 20
[05-Aug-2016 08:39:39 UTC] PHP Stack trace:
[05-Aug-2016 08:39:39 UTC] PHP   1. {main}() /home/ubuntu/workspace/MySQL/delete.php:0
[05-Aug-2016 08:39:39 UTC] PHP   2. delete() /home/ubuntu/workspace/MySQL/delete.php:30
[05-Aug-2016 08:39:39 UTC] PHP   3. mysqli_query() /home/ubuntu/workspace/MySQL/delete.php:20
[05-Aug-2016 08:39:39 UTC] PHP Warning:  mysqli_error() expects parameter 1 to be mysqli, null given in /home/ubuntu/workspace/MySQL/delete.php on line 23
[05-Aug-2016 08:39:39 UTC] PHP Stack trace:
[05-Aug-2016 08:39:39 UTC] PHP   1. {main}() /home/ubuntu/workspace/MySQL/delete.php:0
[05-Aug-2016 08:39:39 UTC] PHP   2. delete() /home/ubuntu/workspace/MySQL/delete.php:30
[05-Aug-2016 08:39:39 UTC] PHP   3. mysqli_error() /home/ubuntu/workspace/MySQL/delete.php:23
[05-Aug-2016 08:40:12 UTC] PHP Warning:  mysqli_query() expects parameter 1 to be mysqli, null given in /home/ubuntu/workspace/MySQL/delete.php on line 20
[05-Aug-2016 08:40:12 UTC] PHP Stack trace:
[05-Aug-2016 08:40:12 UTC] PHP   1. {main}() /home/ubuntu/workspace/MySQL/delete.php:0
[05-Aug-2016 08:40:12 UTC] PHP   2. delete() /home/ubuntu/workspace/MySQL/delete.php:30
[05-Aug-2016 08:40:12 UTC] PHP   3. mysqli_query() /home/ubuntu/workspace/MySQL/delete.php:20
[05-Aug-2016 08:40:12 UTC] PHP Warning:  mysqli_error() expects parameter 1 to be mysqli, null given in /home/ubuntu/workspace/MySQL/delete.php on line 23
[05-Aug-2016 08:40:12 UTC] PHP Stack trace:
[05-Aug-2016 08:40:12 UTC] PHP   1. {main}() /home/ubuntu/workspace/MySQL/delete.php:0
[05-Aug-2016 08:40:12 UTC] PHP   2. delete() /home/ubuntu/workspace/MySQL/delete.php:30
[05-Aug-2016 08:40:12 UTC] PHP   3. mysqli_error() /home/ubuntu/workspace/MySQL/delete.php:23
[05-Aug-2016 08:45:18 UTC] PHP Warning:  Missing argument 2 for delete(), called in /home/ubuntu/workspace/MySQL/delete.php on line 30 and defined in /home/ubuntu/workspace/MySQL/delete.php on line 19
[05-Aug-2016 08:45:18 UTC] PHP Stack trace:
[05-Aug-2016 08:45:18 UTC] PHP   1. {main}() /home/ubuntu/workspace/MySQL/delete.php:0
[05-Aug-2016 08:45:18 UTC] PHP   2. delete() /home/ubuntu/workspace/MySQL/delete.php:30
[05-Aug-2016 08:45:18 UTC] PHP Warning:  mysqli_query() expects parameter 1 to be mysqli, null given in /home/ubuntu/workspace/MySQL/delete.php on line 20
[05-Aug-2016 08:45:18 UTC] PHP Stack trace:
[05-Aug-2016 08:45:18 UTC] PHP   1. {main}() /home/ubuntu/workspace/MySQL/delete.php:0
[05-Aug-2016 08:45:18 UTC] PHP   2. delete() /home/ubuntu/workspace/MySQL/delete.php:30
[05-Aug-2016 08:45:18 UTC] PHP   3. mysqli_query() /home/ubuntu/workspace/MySQL/delete.php:20
[05-Aug-2016 08:45:18 UTC] PHP Warning:  mysqli_error() expects parameter 1 to be mysqli, null given in /home/ubuntu/workspace/MySQL/delete.php on line 23
[05-Aug-2016 08:45:18 UTC] PHP Stack trace:
[05-Aug-2016 08:45:18 UTC] PHP   1. {main}() /home/ubuntu/workspace/MySQL/delete.php:0
[05-Aug-2016 08:45:18 UTC] PHP   2. delete() /home/ubuntu/workspace/MySQL/delete.php:30
[05-Aug-2016 08:45:18 UTC] PHP   3. mysqli_error() /home/ubuntu/workspace/MySQL/delete.php:23
[05-Aug-2016 13:41:31 UTC] PHP Parse error:  syntax error, unexpected 'POST' (T_STRING), expecting ',' or ';' in /home/ubuntu/workspace/MySQL/edit.php on line 18
[05-Aug-2016 14:33:08 UTC] PHP Parse error:  syntax error, unexpected '' (T_ENCAPSED_AND_WHITESPACE), expecting identifier (T_STRING) or variable (T_VARIABLE) or number (T_NUM_STRING) in /home/ubuntu/workspace/MySQL/update.php on line 10
[05-Aug-2016 15:17:23 UTC] PHP Warning:  mysqli_close() expects parameter 1 to be mysqli, null given in /home/ubuntu/workspace/MySQL/create.php on line 12
[05-Aug-2016 15:17:23 UTC] PHP Stack trace:
[05-Aug-2016 15:17:23 UTC] PHP   1. {main}() /home/ubuntu/workspace/MySQL/create.php:0
[05-Aug-2016 15:17:23 UTC] PHP   2. redirect() /home/ubuntu/workspace/MySQL/create.php:24
[05-Aug-2016 15:17:23 UTC] PHP   3. mysqli_close() /home/ubuntu/workspace/MySQL/create.php:12
[05-Aug-2016 17:36:45 UTC] PHP Warning:  mysqli_close() expects parameter 1 to be mysqli, null given in /home/ubuntu/workspace/MySQL/create.php on line 12
[05-Aug-2016 17:36:45 UTC] PHP Stack trace:
[05-Aug-2016 17:36:45 UTC] PHP   1. {main}() /home/ubuntu/workspace/MySQL/create.php:0
[05-Aug-2016 17:36:45 UTC] PHP   2. redirect() /home/ubuntu/workspace/MySQL/create.php:24
[05-Aug-2016 17:36:45 UTC] PHP   3. mysqli_close() /home/ubuntu/workspace/MySQL/create.php:12
